mode: set
github.com/TudorHulban/badgerwrap/helpers.go:9.55,11.76 2 1
github.com/TudorHulban/badgerwrap/helpers.go:14.2,14.28 1 1
github.com/TudorHulban/badgerwrap/helpers.go:11.76,13.3 1 0
github.com/TudorHulban/badgerwrap/helpers.go:18.64,20.2 1 1
github.com/TudorHulban/badgerwrap/model_constructors.go:22.91,24.20 2 0
github.com/TudorHulban/badgerwrap/model_constructors.go:28.2,31.12 1 0
github.com/TudorHulban/badgerwrap/model_constructors.go:24.20,26.3 1 0
github.com/TudorHulban/badgerwrap/model_constructors.go:36.80,38.20 2 0
github.com/TudorHulban/badgerwrap/model_constructors.go:42.2,45.12 1 0
github.com/TudorHulban/badgerwrap/model_constructors.go:38.20,40.3 1 0
github.com/TudorHulban/badgerwrap/model_constructors.go:49.62,51.20 2 1
github.com/TudorHulban/badgerwrap/model_constructors.go:55.2,58.8 1 1
github.com/TudorHulban/badgerwrap/model_constructors.go:51.20,53.3 1 0
github.com/TudorHulban/badgerwrap/model_constructors.go:62.49,66.20 3 1
github.com/TudorHulban/badgerwrap/model_constructors.go:70.2,72.8 1 1
github.com/TudorHulban/badgerwrap/model_constructors.go:66.20,68.3 1 0
github.com/TudorHulban/badgerwrap/model_constructors.go:76.31,78.2 1 1
github.com/TudorHulban/badgerwrap/model_delete.go:6.48,7.55 1 1
github.com/TudorHulban/badgerwrap/model_delete.go:7.55,9.3 1 1
github.com/TudorHulban/badgerwrap/model_getters.go:8.54,11.57 2 1
github.com/TudorHulban/badgerwrap/model_getters.go:23.2,23.24 1 1
github.com/TudorHulban/badgerwrap/model_getters.go:11.57,13.20 2 1
github.com/TudorHulban/badgerwrap/model_getters.go:16.3,18.49 2 1
github.com/TudorHulban/badgerwrap/model_getters.go:13.20,15.4 1 1
github.com/TudorHulban/badgerwrap/model_getters.go:18.49,21.4 2 1
github.com/TudorHulban/badgerwrap/model_getters.go:27.64,30.57 2 1
github.com/TudorHulban/badgerwrap/model_getters.go:60.2,60.24 1 1
github.com/TudorHulban/badgerwrap/model_getters.go:30.57,40.79 7 1
github.com/TudorHulban/badgerwrap/model_getters.go:58.3,58.17 1 1
github.com/TudorHulban/badgerwrap/model_getters.go:40.79,44.54 3 1
github.com/TudorHulban/badgerwrap/model_getters.go:54.4,54.22 1 1
github.com/TudorHulban/badgerwrap/model_getters.go:44.54,52.5 3 1
github.com/TudorHulban/badgerwrap/model_getters.go:54.22,56.5 1 0
github.com/TudorHulban/badgerwrap/model_setters.go:10.37,11.55 1 1
github.com/TudorHulban/badgerwrap/model_setters.go:11.55,13.3 1 1
github.com/TudorHulban/badgerwrap/model_setters.go:17.67,19.22 2 0
github.com/TudorHulban/badgerwrap/model_setters.go:23.2,26.4 1 0
github.com/TudorHulban/badgerwrap/model_setters.go:19.22,21.3 1 0
github.com/TudorHulban/badgerwrap/model_setters.go:30.84,32.22 2 0
github.com/TudorHulban/badgerwrap/model_setters.go:36.2,39.13 1 0
github.com/TudorHulban/badgerwrap/model_setters.go:32.22,34.3 1 0
github.com/TudorHulban/badgerwrap/model_setters.go:43.54,44.55 1 1
github.com/TudorHulban/badgerwrap/model_setters.go:44.55,47.3 2 1
